SF:lib\features\stage3_weigh\presentation\helpers\comma_to_dot_formatter.dart
DA:4,1
DA:9,2
DA:12,1
DA:14,2
DA:16,3
DA:17,3
DA:20,1
DA:22,2
LF:8
LH:8
end_of_record
SF:lib\features\stage5_1_missing_weight\presentation\helper\money_input_formatter.dart
DA:7,2
DA:13,6
DA:14,3
DA:16,6
DA:18,2
DA:20,4
LF:6
LH:6
end_of_record
SF:lib\features\stage2_load\domain\entities\stage2_load_data.dart
DA:15,0
DA:16,0
DA:27,0
DA:28,0
LF:4
LH:0
end_of_record
SF:lib\features\stage2_load\domain\entities\stage2_load_data.g.dart
DA:9,0
DA:10,0
DA:11,0
DA:12,0
DA:13,0
DA:14,0
DA:17,0
DA:18,0
DA:19,0
DA:20,0
DA:21,0
DA:22,0
DA:25,0
DA:26,0
DA:27,0
DA:28,0
DA:29,0
DA:32,0
DA:33,0
DA:34,0
DA:35,0
DA:36,0
LF:22
LH:0
end_of_record
SF:lib\features\stage2_load\providers\stage2_loads_by_id_provider.dart
DA:6,9
DA:10,0
DA:12,0
DA:13,0
DA:14,0
LF:5
LH:1
end_of_record
SF:lib\features\stage3_weigh\domain\entities\stage3_form_data.dart
DA:29,0
DA:30,0
DA:43,0
DA:44,0
LF:4
LH:0
end_of_record
SF:lib\features\stage3_weigh\domain\entities\stage3_form_data.g.dart
DA:9,0
DA:10,0
DA:11,0
DA:12,0
DA:13,0
DA:14,0
DA:15,0
DA:16,0
DA:19,0
DA:20,0
DA:21,0
DA:22,0
DA:23,0
DA:24,0
DA:25,0
DA:26,0
DA:36,0
DA:37,0
DA:38,0
DA:39,0
DA:40,0
DA:41,0
DA:42,0
DA:43,0
DA:44,0
DA:47,0
DA:48,0
DA:49,0
DA:50,0
DA:51,0
DA:52,0
DA:53,0
LF:32
LH:0
end_of_record
SF:lib\features\stage3_weigh\providers\inputs_math_provider.g.dart
DA:9,2
DA:13,0
DA:15,2
DA:17,4
DA:19,8
DA:20,4
DA:23,2
DA:25,8
DA:27,4
DA:28,8
DA:39,2
DA:42,2
DA:43,2
DA:46,0
DA:50,0
DA:55,0
DA:60,0
DA:64,0
DA:71,2
DA:72,2
DA:73,4
DA:84,2
DA:92,2
DA:96,0
DA:98,0
DA:100,0
DA:101,0
DA:102,0
DA:107,0
DA:112,2
DA:114,2
DA:117,2
DA:119,8
DA:122,2
DA:124,6
DA:125,6
DA:127,2
DA:141,2
DA:143,0
DA:144,0
LF:40
LH:26
end_of_record
SF:lib\features\stage3_weigh\providers\inputs_math_provider.dart
DA:16,2
DA:25,2
DA:27,6
DA:30,1
DA:39,4
DA:41,4
DA:42,4
DA:43,2
DA:45,8
DA:47,4
DA:49,10
DA:51,4
DA:52,4
DA:54,2
DA:59,2
LF:15
LH:15
end_of_record
SF:lib\features\stage3_weigh\providers\sync_stage3_loads_provider.dart
DA:5,21
DA:6,0
DA:7,0
DA:8,0
DA:9,0
LF:5
LH:1
end_of_record
SF:lib\features\stage2_load\data\datasources\stage2_firestore_datasource.dart
DA:7,0
DA:8,0
DA:10,0
DA:11,0
DA:14,0
DA:15,0
DA:18,0
DA:19,0
DA:20,0
DA:21,0
DA:22,0
DA:25,0
DA:26,0
LF:13
LH:0
end_of_record
SF:lib\features\stage2_load\data\models\stage2_load_model.dart
DA:9,0
DA:17,0
DA:18,0
DA:19,0
DA:20,0
DA:21,0
DA:22,0
DA:23,0
DA:24,0
DA:25,0
DA:31,0
DA:32,0
DA:33,0
DA:34,0
DA:35,0
DA:36,0
DA:37,0
DA:38,0
DA:39,0
DA:45,0
DA:46,0
DA:47,0
DA:48,0
DA:49,0
DA:50,0
DA:55,0
DA:56,0
DA:57,0
DA:58,0
DA:59,0
DA:60,0
LF:31
LH:0
end_of_record
SF:lib\features\stage2_load\data\repositories_impl\stage2_repository_impl.dart
DA:9,0
DA:11,0
DA:13,0
DA:14,0
DA:17,0
DA:19,0
DA:22,0
DA:24,0
DA:25,0
DA:28,0
DA:30,0
DA:31,0
LF:12
LH:0
end_of_record
SF:lib\features\stage2_load\domain\usecases\create_stage2_data.dart
DA:7,0
DA:9,0
DA:10,0
LF:3
LH:0
end_of_record
SF:lib\features\stage2_load\domain\usecases\delete_stage2_data.dart
DA:6,0
DA:8,0
DA:9,0
LF:3
LH:0
end_of_record
SF:lib\features\stage2_load\domain\usecases\get_stage2_load.dart
DA:7,1
DA:9,1
DA:10,2
LF:3
LH:3
end_of_record
SF:lib\features\stage2_load\domain\usecases\update_stage2_data.dart
DA:7,0
DA:9,0
DA:10,0
LF:3
LH:0
end_of_record
SF:lib\features\stage2_load\providers\stage2_load_form_provider.dart
DA:15,2
DA:21,0
DA:26,0
DA:27,0
DA:28,0
DA:29,0
DA:36,2
DA:39,0
DA:40,0
DA:43,0
DA:44,0
DA:46,0
DA:47,0
DA:49,0
DA:50,0
DA:52,0
DA:54,0
LF:17
LH:2
end_of_record
SF:lib\features\stage2_load\providers\stage2_load_form_provider.g.dart
DA:9,2
DA:13,4
DA:14,2
LF:3
LH:3
end_of_record
SF:lib\features\stage2_load\providers\stage2_load_provider.dart
DA:9,1
DA:11,3
DA:12,1
DA:15,0
DA:16,0
DA:19,1
DA:20,3
DA:22,5
DA:23,1
DA:24,2
DA:28,1
DA:29,3
DA:30,5
DA:31,2
DA:35,0
DA:36,0
LF:16
LH:12
end_of_record
SF:lib\features\stage2_load\providers\stage2_load_provider.g.dart
DA:9,1
DA:13,2
DA:14,1
LF:3
LH:3
end_of_record
SF:lib\features\stage2_load\providers\stage2_usecases_provider.dart
DA:7,0
DA:8,0
DA:9,0
DA:13,0
DA:14,0
DA:17,0
DA:18,0
DA:21,3
DA:22,0
LF:9
LH:1
end_of_record
SF:lib\features\stage2_load\providers\sync_stage2_loads_provider.dart
DA:5,24
DA:6,0
DA:7,0
DA:8,0
DA:9,0
LF:5
LH:1
end_of_record
SF:lib\features\stage2_load\providers\stage2_loads_error_provider.dart
DA:4,3
DA:5,0
DA:6,0
DA:7,0
DA:8,0
LF:5
LH:1
end_of_record
SF:lib\features\stage2_load\providers\stage2_loads_loading_provider.dart
DA:4,0
DA:5,0
LF:2
LH:0
end_of_record
SF:lib\features\stage3_weigh\data\datasources\stage3_firestore_datasource.dart
DA:7,0
DA:8,0
DA:10,0
DA:11,0
DA:14,0
DA:15,0
DA:18,0
DA:19,0
DA:20,0
DA:21,0
DA:22,0
DA:25,0
DA:26,0
LF:13
LH:0
end_of_record
SF:lib\features\stage3_weigh\data\models\stage3_model.dart
DA:10,0
DA:19,0
DA:20,0
DA:21,0
DA:22,0
DA:23,0
DA:24,0
DA:25,0
DA:26,0
DA:27,0
DA:28,0
DA:29,0
DA:30,0
DA:31,0
DA:32,0
DA:33,0
DA:36,0
DA:41,0
DA:42,0
DA:43,0
DA:44,0
DA:45,0
DA:46,0
DA:47,0
DA:48,0
DA:49,0
DA:50,0
DA:51,0
DA:52,0
DA:53,0
DA:54,0
DA:56,0
DA:61,0
DA:62,0
DA:63,0
DA:64,0
DA:65,0
DA:66,0
DA:67,0
DA:72,0
DA:73,0
DA:74,0
DA:75,0
DA:76,0
DA:77,0
DA:78,0
LF:46
LH:0
end_of_record
SF:lib\features\stage3_weigh\data\repositories_impl\stage3_repository_impl.dart
DA:9,0
DA:11,0
DA:13,0
DA:14,0
DA:17,0
DA:19,0
DA:22,0
DA:24,0
DA:25,0
DA:28,0
DA:30,0
DA:31,0
LF:12
LH:0
end_of_record
SF:lib\features\stage3_weigh\domain\usecase\create_stage3_data.dart
DA:7,0
DA:9,0
DA:10,0
LF:3
LH:0
end_of_record
SF:lib\features\stage3_weigh\domain\usecase\delete_stage3_data.dart
DA:6,0
DA:8,0
DA:9,0
LF:3
LH:0
end_of_record
SF:lib\features\stage3_weigh\domain\usecase\get_stage3_data.dart
DA:7,1
DA:9,1
DA:10,2
LF:3
LH:3
end_of_record
SF:lib\features\stage3_weigh\domain\usecase\update_stage3_data.dart
DA:7,0
DA:9,0
DA:10,0
LF:3
LH:0
end_of_record
SF:lib\features\stage3_weigh\providers\stage3_load_provider.dart
DA:9,1
DA:11,3
DA:12,1
DA:15,0
DA:16,0
DA:19,1
DA:20,3
DA:22,5
DA:23,1
DA:24,2
DA:28,1
DA:29,3
DA:30,5
DA:31,2
DA:35,0
DA:36,0
LF:16
LH:12
end_of_record
SF:lib\features\stage3_weigh\providers\stage3_load_provider.g.dart
DA:9,1
DA:13,2
DA:14,1
LF:3
LH:3
end_of_record
SF:lib\features\stage3_weigh\providers\stage3_usecases_provider.dart
DA:7,0
DA:8,0
DA:9,0
DA:13,0
DA:14,0
DA:17,0
DA:18,0
DA:21,3
DA:22,0
LF:9
LH:1
end_of_record
SF:lib\features\stage1_delivery\domain\entities\stage1_form_data.dart
DA:22,0
DA:23,0
DA:33,0
DA:34,0
LF:4
LH:0
end_of_record
SF:lib\features\stage1_delivery\domain\entities\stage1_form_data.g.dart
DA:9,0
DA:10,0
DA:11,0
DA:12,0
DA:13,0
DA:14,0
DA:15,0
DA:16,0
DA:17,0
DA:18,0
DA:19,0
DA:20,0
DA:21,0
DA:22,0
DA:23,0
DA:26,0
DA:27,0
DA:28,0
DA:29,0
DA:30,0
DA:31,0
DA:32,0
DA:33,0
DA:34,0
DA:35,0
DA:36,0
DA:37,0
DA:38,0
DA:41,0
DA:42,0
DA:43,0
DA:46,0
DA:47,0
DA:48,0
DA:49,0
LF:35
LH:0
end_of_record
SF:lib\features\stage1_delivery\domain\usecases\get_stage1_projects.dart
DA:7,1
DA:9,1
DA:10,2
LF:3
LH:3
end_of_record
SF:lib\features\stage1_delivery\providers\stage1_projects_provider.dart
DA:9,1
DA:11,3
DA:12,1
DA:15,0
DA:16,0
DA:19,1
DA:20,3
DA:21,4
DA:25,1
DA:26,3
DA:28,5
DA:29,1
DA:30,2
DA:34,1
DA:35,3
DA:36,5
DA:37,2
DA:41,0
DA:42,0
LF:19
LH:15
end_of_record
SF:lib\features\stage1_delivery\providers\stage1_projects_provider.g.dart
DA:9,1
DA:13,2
DA:14,1
LF:3
LH:3
end_of_record
SF:lib\features\stage1_delivery\providers\stage1_usecases_provider.dart
DA:7,0
DA:8,0
DA:9,0
DA:13,0
DA:14,0
DA:17,0
DA:18,0
DA:21,3
DA:22,0
LF:9
LH:1
end_of_record
SF:lib\core\services\compress_file.dart
DA:4,1
DA:5,1
DA:6,4
DA:8,1
DA:16,1
LF:5
LH:5
end_of_record
SF:lib\core\services\custom_snack_bar.dart
DA:7,0
DA:12,0
DA:16,0
DA:17,0
DA:18,0
LF:5
LH:0
end_of_record
SF:lib\core\services\image_picker_service.dart
DA:7,0
DA:8,0
DA:11,0
LF:3
LH:0
end_of_record
SF:lib\core\services\image_picker_service_provider.dart
DA:4,0
DA:5,0
LF:2
LH:0
end_of_record
SF:lib\core\storage\application\storage_providers.dart
DA:7,0
DA:8,0
DA:11,3
DA:12,0
LF:4
LH:1
end_of_record
SF:lib\core\storage\data\datasource\firebase_storage_datasource.dart
DA:8,0
DA:9,0
DA:11,0
DA:15,0
DA:16,0
DA:17,0
LF:6
LH:0
end_of_record
SF:lib\core\storage\data\repositories_impl\storage_repository_impl.dart
DA:7,0
DA:9,0
DA:14,0
LF:3
LH:0
end_of_record
SF:lib\core\storage\domain\usecases\upload_image.dart
DA:6,1
DA:8,1
DA:9,2
LF:3
LH:3
end_of_record
SF:lib\features\stage1_delivery\data\datasources\stage1_firestore_datasource.dart
DA:7,0
DA:8,0
DA:10,0
DA:11,0
DA:14,0
DA:15,0
DA:18,0
DA:19,0
DA:20,0
DA:21,0
DA:22,0
DA:25,0
DA:26,0
LF:13
LH:0
end_of_record
SF:lib\features\stage1_delivery\data\models\stage1_form_model.dart
DA:16,0
DA:30,0
DA:31,0
DA:32,0
DA:33,0
DA:34,0
DA:35,0
DA:36,0
DA:37,0
DA:38,0
DA:41,0
DA:42,0
DA:43,0
DA:44,0
DA:45,0
DA:46,0
DA:47,0
DA:48,0
DA:49,0
DA:53,0
DA:54,0
DA:55,0
DA:56,0
DA:57,0
DA:58,0
DA:59,0
DA:60,0
DA:61,0
DA:64,0
DA:65,0
DA:66,0
DA:67,0
DA:68,0
DA:69,0
DA:70,0
DA:71,0
DA:72,0
DA:76,0
DA:77,0
DA:78,0
DA:79,0
DA:80,0
DA:81,0
DA:82,0
DA:83,0
DA:84,0
DA:85,0
DA:86,0
DA:87,0
DA:88,0
DA:92,0
DA:93,0
DA:94,0
DA:95,0
DA:96,0
DA:97,0
DA:98,0
DA:99,0
DA:100,0
DA:101,0
DA:102,0
DA:103,0
DA:104,0
LF:63
LH:0
end_of_record
SF:lib\features\stage1_delivery\data\repositories_impl\stage1_repository_impl.dart
DA:9,0
DA:11,0
DA:13,0
DA:14,0
DA:17,0
DA:19,0
DA:22,0
DA:24,0
DA:25,0
DA:28,0
DA:30,0
DA:31,0
LF:12
LH:0
end_of_record
SF:lib\features\stage1_delivery\domain\usecases\create_stage1_data.dart
DA:7,0
DA:9,0
DA:10,0
LF:3
LH:0
end_of_record
SF:lib\features\stage1_delivery\domain\usecases\delete_stage1_data.dart
DA:6,0
DA:8,0
DA:9,0
LF:3
LH:0
end_of_record
SF:lib\features\stage1_delivery\domain\usecases\update_stage1_data.dart
DA:7,0
DA:9,0
DA:10,0
LF:3
LH:0
end_of_record
SF:lib\features\stage1_delivery\providers\stage1_project_by_id_provider.dart
DA:6,27
DA:10,0
DA:12,0
DA:13,0
DA:14,0
LF:5
LH:1
end_of_record
SF:lib\features\stage5_2_records\data\datasources\stage52_firestore_datasource.dart
DA:7,1
DA:8,1
DA:10,0
DA:11,0
DA:14,0
DA:15,0
DA:18,0
DA:19,0
DA:20,0
DA:21,0
DA:22,0
DA:25,0
DA:26,0
LF:13
LH:2
end_of_record
SF:lib\features\stage5_2_records\data\models\stage52_record_model.dart
DA:13,0
DA:25,0
DA:26,0
DA:27,0
DA:28,0
DA:29,0
DA:30,0
DA:31,0
DA:32,0
DA:33,0
DA:34,0
DA:39,0
DA:40,0
DA:41,0
DA:42,0
DA:43,0
DA:44,0
DA:45,0
DA:46,0
DA:47,0
DA:48,0
DA:53,0
DA:54,0
DA:55,0
DA:56,0
DA:57,0
DA:58,0
DA:59,0
DA:60,0
DA:61,0
DA:62,0
DA:67,0
DA:68,0
DA:69,0
DA:70,0
DA:71,0
DA:72,0
DA:73,0
DA:74,0
DA:75,0
DA:76,0
DA:78,0
DA:79,0
LF:43
LH:0
end_of_record
SF:lib\features\stage5_2_records\domain\entities\stage52_record_data.dart
DA:31,0
DA:32,0
LF:2
LH:0
end_of_record
SF:lib\features\stage5_2_records\domain\entities\stage52_record_data.g.dart
DA:9,0
DA:10,0
DA:11,0
DA:12,0
DA:13,0
DA:14,0
DA:15,0
DA:16,0
DA:17,0
DA:18,0
DA:21,0
DA:22,0
DA:23,0
DA:24,0
DA:25,0
DA:26,0
DA:27,0
DA:28,0
DA:29,0
DA:30,0
LF:20
LH:0
end_of_record
SF:lib\features\stage5_2_records\data\repositories_impl\stage52_repository_impl.dart
DA:9,0
DA:11,0
DA:13,0
DA:14,0
DA:17,0
DA:19,0
DA:22,0
DA:24,0
DA:25,0
DA:28,0
DA:30,0
DA:31,0
LF:12
LH:0
end_of_record
SF:lib\features\stage5_2_records\domain\usecases\create_stage52_data.dart
DA:7,1
DA:9,1
DA:10,2
LF:3
LH:3
end_of_record
SF:lib\features\stage5_2_records\domain\usecases\delete_stage52_data.dart
DA:6,0
DA:8,0
DA:9,0
LF:3
LH:0
end_of_record
SF:lib\features\stage5_2_records\domain\usecases\get_stage52_data.dart
DA:7,1
DA:9,1
DA:10,2
LF:3
LH:3
end_of_record
SF:lib\features\stage5_2_records\domain\usecases\update_stage52_data.dart
DA:7,1
DA:9,1
DA:10,2
LF:3
LH:3
end_of_record
SF:lib\features\stage5_2_records\presentation\stage52_form_page.dart
DA:14,0
DA:16,1
DA:18,2
DA:19,0
DA:20,0
DA:21,0
DA:22,0
DA:28,0
DA:29,0
DA:37,1
DA:38,7
DA:41,1
DA:43,1
DA:44,0
DA:45,1
DA:46,1
DA:48,1
DA:49,1
DA:52,1
DA:55,1
DA:62,1
DA:63,1
LF:22
LH:14
end_of_record
SF:lib\features\stage5_2_records\presentation\widgets\stage52_form.dart
DA:21,1
DA:27,1
DA:28,1
DA:36,1
DA:38,1
DA:39,4
DA:42,1
DA:44,6
DA:45,3
DA:46,4
DA:47,1
DA:48,2
DA:50,1
DA:51,1
DA:52,2
DA:53,1
DA:54,3
DA:55,4
DA:56,4
DA:57,4
DA:59,1
DA:60,1
DA:62,1
DA:63,2
DA:66,1
DA:67,1
DA:69,1
DA:70,1
DA:71,2
DA:72,3
DA:73,1
DA:74,3
DA:77,1
DA:78,1
DA:84,2
DA:87,1
DA:88,1
DA:91,2
DA:92,1
DA:95,1
DA:103,2
DA:106,1
DA:107,1
DA:110,2
DA:111,1
DA:114,1
DA:121,2
DA:124,1
DA:125,1
DA:128,1
DA:129,2
DA:130,3
DA:131,1
DA:132,3
DA:135,1
DA:136,1
DA:143,1
DA:146,1
DA:147,1
DA:148,0
DA:149,0
DA:156,2
DA:159,2
DA:161,1
DA:162,1
DA:163,1
DA:171,1
DA:172,1
DA:173,1
DA:176,1
DA:177,1
DA:178,2
DA:180,0
DA:181,0
DA:185,0
DA:186,0
DA:187,0
DA:188,0
DA:189,0
DA:190,0
DA:191,0
DA:192,0
DA:193,0
DA:194,0
DA:195,0
DA:197,0
DA:199,0
DA:201,2
DA:206,2
DA:207,0
DA:213,0
DA:214,0
DA:215,0
DA:216,0
DA:218,0
DA:220,0
DA:222,0
DA:223,0
DA:224,0
DA:225,0
DA:226,0
DA:227,0
DA:229,0
DA:230,0
DA:232,0
DA:234,0
DA:240,0
DA:241,0
DA:243,0
DA:252,0
DA:253,0
DA:254,0
DA:255,0
DA:257,0
DA:258,0
DA:260,0
DA:262,0
DA:268,0
DA:269,0
DA:271,0
DA:285,0
DA:286,0
DA:287,0
DA:288,0
DA:292,0
DA:294,0
DA:299,0
DA:300,0
DA:301,0
DA:302,0
DA:304,0
DA:306,0
LF:132
LH:72
end_of_record
SF:lib\features\stage5_2_records\providers\stage52_form_status.dart
DA:14,2
DA:22,2
DA:25,1
DA:29,1
DA:30,4
DA:32,4
DA:33,3
DA:34,1
DA:35,2
DA:36,1
DA:38,2
DA:41,3
DA:42,1
DA:44,3
DA:45,1
DA:47,1
DA:49,1
DA:51,2
DA:53,1
LF:19
LH:19
end_of_record
SF:lib\features\stage5_2_records\providers\stage52_form_status.g.dart
DA:9,2
DA:13,4
DA:14,2
LF:3
LH:3
end_of_record
SF:lib\features\stage5_2_records\providers\sync_stage52_loads_provider.dart
DA:5,12
DA:6,0
DA:7,0
DA:8,0
DA:9,0
LF:5
LH:1
end_of_record
SF:lib\shared\widgets\app_form_text_fild.dart
DA:19,10
DA:33,10
DA:35,10
DA:36,10
DA:40,10
DA:42,10
DA:43,10
DA:45,10
DA:50,10
DA:51,10
DA:53,10
DA:54,10
DA:55,10
DA:56,10
DA:57,10
DA:60,10
DA:61,10
DA:62,10
DA:63,10
DA:64,30
DA:65,10
DA:66,10
DA:67,10
LF:23
LH:23
end_of_record
SF:lib\shared\widgets\camera_preview_screen.dart
DA:9,1
DA:11,0
DA:12,0
DA:21,0
DA:23,0
DA:24,0
DA:27,0
DA:28,0
DA:29,0
DA:31,0
DA:33,0
DA:34,0
DA:36,0
DA:37,0
DA:41,0
DA:43,0
DA:44,0
DA:47,0
DA:49,0
DA:50,0
DA:51,0
DA:52,0
DA:53,0
DA:54,0
DA:55,0
DA:60,0
DA:61,0
DA:62,0
DA:66,0
DA:67,0
DA:68,0
DA:72,0
DA:74,0
DA:80,0
DA:82,0
DA:83,0
DA:84,0
DA:85,0
DA:86,0
DA:91,0
DA:93,0
DA:95,0
DA:96,0
DA:97,0
DA:98,0
DA:102,0
DA:104,0
DA:106,0
DA:107,0
DA:108,0
DA:114,0
DA:115,0
DA:116,0
DA:117,0
DA:119,0
DA:121,0
DA:122,0
DA:123,0
DA:127,0
DA:129,0
DA:131,0
DA:132,0
DA:133,0
DA:134,0
LF:64
LH:1
end_of_record
SF:lib\shared\widgets\custom_card.dart
DA:7,9
DA:13,10
DA:15,10
DA:16,10
DA:17,10
DA:22,10
DA:23,10
DA:27,10
DA:29,10
LF:9
LH:9
end_of_record
SF:lib\shared\widgets\custom_from_dropdown.dart
DA:10,3
DA:17,3
DA:19,6
DA:20,3
DA:21,3
DA:23,3
DA:24,3
DA:26,3
DA:31,3
DA:32,3
DA:34,3
DA:35,3
DA:36,6
DA:38,3
DA:42,3
DA:43,3
DA:45,3
LF:17
LH:17
end_of_record
SF:lib\shared\widgets\stage_image_widget.dart
DA:25,2
DA:35,3
DA:38,6
DA:39,3
DA:40,3
DA:41,6
DA:42,0
DA:43,3
DA:44,3
DA:45,3
DA:50,2
DA:51,1
DA:52,0
DA:56,1
LF:14
LH:12
end_of_record
SF:lib\features\stage5_2_records\providers\stage52_load_provider.dart
DA:9,2
DA:11,6
DA:12,1
DA:15,0
DA:16,0
DA:19,1
DA:20,3
DA:21,4
DA:25,1
DA:26,3
DA:28,5
DA:29,1
DA:30,2
DA:34,1
DA:35,3
DA:36,5
DA:37,2
DA:41,1
DA:42,2
LF:19
LH:17
end_of_record
SF:lib\features\stage5_2_records\providers\stage52_load_provider.g.dart
DA:9,2
DA:13,4
DA:14,2
LF:3
LH:3
end_of_record
SF:lib\features\stage5_2_records\providers\stage52_usecases_provider.dart
DA:7,4
DA:8,1
DA:9,0
DA:13,3
DA:14,0
DA:17,3
DA:18,0
DA:21,7
DA:22,2
LF:9
LH:6
end_of_record
SF:lib\shared\utils\colors.dart
DA:31,0
LF:1
LH:0
end_of_record
SF:lib\shared\utils\icons.dart
DA:4,0
DA:5,0
DA:6,0
DA:7,0
DA:8,0
DA:9,2
DA:10,2
DA:11,2
LF:8
LH:3
end_of_record
SF:lib\features\stage5_1_missing_weight\providers\global_missing_provider.g.dart
DA:9,3
DA:14,0
DA:16,3
DA:18,6
DA:20,12
DA:21,6
DA:24,3
DA:26,12
DA:28,6
DA:29,12
DA:40,1
DA:43,3
DA:44,3
DA:47,0
DA:51,0
DA:56,0
DA:61,0
DA:65,0
DA:73,3
DA:74,3
DA:75,6
DA:87,3
DA:95,3
DA:99,0
DA:103,0
DA:105,0
DA:106,0
DA:107,0
DA:112,0
DA:117,3
DA:119,3
DA:122,3
DA:124,12
DA:127,3
DA:129,9
DA:130,9
DA:132,3
DA:146,3
DA:148,0
DA:149,0
LF:40
LH:26
end_of_record
SF:lib\features\stage5_1_missing_weight\providers\global_missing_provider.dart
DA:18,3
DA:29,3
DA:33,6
DA:34,12
DA:38,6
DA:39,12
DA:46,6
DA:48,9
DA:49,18
DA:52,15
DA:54,9
DA:55,9
DA:57,9
DA:62,3
DA:63,3
DA:65,3
LF:16
LH:16
end_of_record
SF:lib\features\stage4_recollection\domin\entities\stage4_form_data.dart
DA:18,0
DA:19,0
DA:29,0
DA:30,0
LF:4
LH:0
end_of_record
SF:lib\features\stage4_recollection\domin\entities\stage4_form_data.g.dart
DA:9,0
DA:10,0
DA:11,0
DA:12,0
DA:13,0
DA:14,0
DA:15,0
DA:16,0
DA:17,0
DA:18,0
DA:19,0
DA:20,0
DA:23,0
DA:24,0
DA:25,0
DA:26,0
DA:27,0
DA:28,0
DA:29,0
DA:30,0
DA:31,0
DA:34,0
DA:35,0
DA:36,0
DA:37,0
DA:40,0
DA:41,0
DA:42,0
DA:43,0
LF:29
LH:0
end_of_record
SF:lib\features\stage4_recollection\domin\usecases\get_stage4_loads.dart
DA:7,1
DA:9,1
DA:10,2
LF:3
LH:3
end_of_record
SF:lib\features\stage4_recollection\providers\stage4_load_provider.dart
DA:9,1
DA:11,3
DA:12,1
DA:15,0
DA:16,0
DA:19,1
DA:20,3
DA:21,4
DA:25,1
DA:26,3
DA:28,5
DA:29,1
DA:30,2
DA:34,0
DA:35,0
LF:15
LH:11
end_of_record
SF:lib\features\stage4_recollection\providers\stage4_load_provider.g.dart
DA:9,1
DA:13,2
DA:14,1
LF:3
LH:3
end_of_record
SF:lib\features\stage4_recollection\providers\stage4_usecases_provider.dart
DA:8,0
DA:9,0
DA:10,0
DA:13,0
DA:14,0
DA:17,0
DA:18,0
DA:21,3
DA:22,0
LF:9
LH:1
end_of_record
SF:lib\features\stage4_recollection\data\datasources\stage4_firestore_datasource.dart
DA:7,0
DA:8,0
DA:10,0
DA:11,0
DA:14,0
DA:15,0
DA:18,0
DA:19,0
DA:20,0
DA:21,0
DA:22,0
LF:11
LH:0
end_of_record
SF:lib\features\stage4_recollection\data\models\stage4_form_model.dart
DA:12,0
DA:23,0
DA:24,0
DA:25,0
DA:26,0
DA:27,0
DA:28,0
DA:29,0
DA:30,0
DA:31,0
DA:32,0
DA:35,0
DA:36,0
DA:37,0
DA:38,0
DA:43,0
DA:44,0
DA:45,0
DA:46,0
DA:47,0
DA:48,0
DA:49,0
DA:50,0
DA:51,0
DA:52,0
DA:55,0
DA:56,0
DA:57,0
DA:58,0
DA:63,0
DA:64,0
DA:65,0
DA:66,0
DA:67,0
DA:68,0
DA:69,0
DA:70,0
DA:71,0
DA:76,0
DA:77,0
DA:78,0
DA:79,0
DA:80,0
DA:81,0
DA:82,0
DA:83,0
DA:84,0
LF:47
LH:0
end_of_record
SF:lib\features\stage4_recollection\data\repositories_impl\stage4_repository_impl.dart
DA:9,0
DA:11,0
DA:13,0
DA:14,0
DA:17,0
DA:19,0
DA:20,0
DA:23,0
DA:25,0
DA:26,0
LF:10
LH:0
end_of_record
SF:lib\features\stage4_recollection\domin\usecases\create_stage4_data.dart
DA:7,0
DA:9,0
DA:10,0
LF:3
LH:0
end_of_record
SF:lib\features\stage4_recollection\domin\usecases\update_stage4_data.dart
DA:7,0
DA:9,0
DA:10,0
LF:3
LH:0
end_of_record
SF:lib\features\stage5_1_missing_weight\domain\entities\payment_data.dart
DA:15,0
DA:16,0
LF:2
LH:0
end_of_record
SF:lib\features\stage5_1_missing_weight\domain\entities\payment_data.g.dart
DA:9,0
DA:10,0
DA:11,0
DA:12,0
DA:13,0
DA:16,0
DA:17,0
DA:18,0
DA:19,0
DA:20,0
DA:21,0
LF:11
LH:0
end_of_record
SF:lib\features\stage5_1_missing_weight\domain\usecase\get_stage51_data.dart
DA:7,1
DA:9,1
DA:10,2
LF:3
LH:3
end_of_record
SF:lib\features\stage5_1_missing_weight\providers\stage51_notifier_provider.dart
DA:10,2
DA:12,6
DA:13,1
DA:16,0
DA:17,0
DA:20,1
DA:21,3
DA:22,4
DA:26,1
DA:27,3
DA:28,5
DA:29,2
DA:33,1
DA:34,2
LF:14
LH:12
end_of_record
SF:lib\features\stage5_1_missing_weight\providers\stage51_notifier_provider.g.dart
DA:9,2
DA:13,4
DA:14,2
LF:3
LH:3
end_of_record
SF:lib\features\stage5_1_missing_weight\providers\stage51_usecases_provider.dart
DA:7,4
DA:8,1
DA:9,0
DA:13,3
DA:14,0
DA:17,7
DA:18,2
DA:21,0
DA:22,0
LF:9
LH:5
end_of_record
SF:lib\features\stage5_1_missing_weight\data\datasource\stage51_payment_datasource.dart
DA:7,1
DA:8,1
DA:10,0
DA:11,0
DA:14,0
DA:15,0
DA:18,0
DA:19,0
DA:20,0
DA:21,0
DA:22,0
LF:11
LH:2
end_of_record
SF:lib\features\stage5_1_missing_weight\data\models\stage51_payment_data_model.dart
DA:10,0
DA:18,0
DA:19,0
DA:20,0
DA:21,0
DA:22,0
DA:23,0
DA:28,0
DA:29,0
DA:30,0
DA:31,0
DA:32,0
DA:33,0
DA:38,0
DA:39,0
DA:43,0
DA:44,0
DA:45,0
DA:46,0
DA:47,0
DA:48,0
LF:21
LH:0
end_of_record
SF:lib\features\stage5_1_missing_weight\data\repositories_impl\stage51_repository_impl.dart
DA:9,0
DA:11,0
DA:13,0
DA:14,0
DA:17,0
DA:19,0
DA:22,0
DA:24,0
DA:25,0
LF:9
LH:0
end_of_record
SF:lib\features\stage5_1_missing_weight\domain\usecase\create_stage51_data.dart
DA:7,1
DA:9,1
DA:10,2
LF:3
LH:3
end_of_record
SF:lib\features\stage5_1_missing_weight\domain\usecase\delete_stage51_data.dart
DA:6,0
DA:8,0
DA:9,0
LF:3
LH:0
end_of_record
SF:lib\features\stage5_1_missing_weight\providers\stage5_price_form_state_provider.dart
DA:14,1
DA:19,1
DA:23,1
DA:24,0
DA:32,4
DA:35,1
DA:36,3
DA:39,3
DA:40,1
DA:42,5
DA:44,3
DA:46,3
DA:48,1
LF:13
LH:12
end_of_record
SF:lib\features\stage5_1_missing_weight\providers\stage5_price_form_state_provider.g.dart
DA:9,4
DA:13,8
DA:14,4
LF:3
LH:3
end_of_record
SF:lib\core\router\auth_redirect.dart
DA:11,0
DA:12,0
DA:13,0
DA:15,0
DA:18,0
DA:22,1
DA:32,2
DA:33,1
DA:36,2
DA:37,2
DA:42,1
DA:48,1
DA:49,1
DA:65,1
DA:68,3
DA:69,3
LF:16
LH:11
end_of_record
SF:lib\features\auth\domin\entities\auth_status.dart
DA:39,2
DA:45,1
DA:50,1
DA:51,1
DA:52,0
DA:53,1
LF:6
LH:5
end_of_record
SF:lib\features\auth\domin\entities\authenticated_user.dart
DA:38,0
DA:39,0
LF:2
LH:0
end_of_record
SF:lib\features\auth\domin\entities\authenticated_user.g.dart
DA:9,0
DA:10,0
DA:11,0
DA:12,0
DA:13,0
DA:14,0
DA:15,0
DA:18,0
DA:19,0
DA:20,0
DA:21,0
DA:22,0
DA:23,0
DA:24,0
LF:14
LH:0
end_of_record
SF:lib\features\auth\providers\auth_provider.dart
DA:19,0
DA:21,0
DA:26,0
DA:27,0
DA:30,0
DA:34,0
DA:40,0
DA:42,0
DA:48,0
DA:49,0
DA:50,0
DA:54,0
DA:56,0
DA:61,0
DA:63,0
DA:66,0
DA:67,0
DA:68,0
DA:69,0
DA:70,0
DA:71,0
DA:72,0
DA:79,0
DA:80,0
DA:81,0
DA:82,0
DA:85,0
DA:86,0
DA:88,0
DA:89,0
DA:91,0
DA:96,0
DA:98,0
LF:33
LH:0
end_of_record
SF:lib\features\auth\providers\auth_provider.g.dart
DA:9,0
DA:15,6
LF:2
LH:1
end_of_record
SF:lib\features\auth\data\repositories\auth_repository_impl.dart
DA:13,0
DA:19,0
DA:24,0
DA:25,0
DA:28,0
DA:29,0
DA:31,0
DA:34,0
DA:35,0
DA:36,0
DA:40,0
DA:42,0
DA:43,0
DA:45,0
DA:49,0
DA:51,0
LF:16
LH:0
end_of_record
SF:lib\features\auth\providers\auth_repository_provider.dart
DA:8,0
DA:9,0
LF:2
LH:0
end_of_record
SF:lib\features\stage5_summary\providers\stage5_summary_provider.g.dart
DA:9,3
DA:13,0
DA:15,3
DA:17,6
DA:19,12
DA:20,6
DA:23,3
DA:25,12
DA:27,6
DA:28,12
DA:39,1
DA:42,3
DA:43,3
DA:46,0
DA:50,0
DA:55,0
DA:60,0
DA:64,0
DA:72,3
DA:73,3
DA:74,6
DA:86,3
DA:94,3
DA:98,0
DA:102,0
DA:104,0
DA:105,0
DA:106,0
DA:111,0
DA:116,3
DA:118,3
DA:121,3
DA:123,12
DA:126,3
DA:128,9
DA:129,9
DA:131,3
DA:145,3
DA:147,0
DA:148,0
LF:40
LH:26
end_of_record
SF:lib\features\stage5_summary\providers\stage5_summary_provider.dart
DA:8,3
DA:11,6
DA:12,12
DA:15,3
DA:17,6
DA:19,21
DA:21,9
DA:23,15
DA:24,21
DA:28,3
DA:29,6
DA:30,9
DA:31,6
DA:32,3
DA:33,6
DA:34,6
DA:35,3
DA:37,3
DA:40,7
DA:42,6
DA:46,7
LF:21
LH:21
end_of_record
SF:lib\features\stage5_summary\domain\stage5_summary_item.dart
DA:7,3
DA:19,3
LF:2
LH:2
end_of_record
SF:lib\features\stage3_weigh\presentation\helpers\summary_calculus.dart
DA:12,2
DA:22,2
DA:26,2
DA:27,2
DA:28,4
DA:30,4
DA:31,4
DA:33,6
DA:36,2
DA:37,4
DA:39,2
DA:49,4
LF:12
LH:12
end_of_record
SF:lib\shared\widgets\custom_rich_text.dart
DA:9,10
DA:17,10
DA:19,10
DA:20,10
DA:22,10
DA:23,37
DA:24,10
DA:25,10
DA:26,10
DA:29,10
DA:30,10
DA:31,30
DA:32,30
LF:13
LH:13
end_of_record
SF:lib\features\stage5_1_missing_weight\presentation\widgets\form_total_to_pay.dart
DA:20,3
DA:27,3
DA:28,3
DA:38,3
DA:40,3
DA:41,9
DA:42,12
DA:43,9
DA:45,8
DA:46,3
DA:47,3
DA:49,3
DA:51,6
DA:52,9
DA:54,3
DA:56,3
DA:57,3
DA:59,3
DA:61,3
DA:62,3
DA:63,3
DA:64,3
DA:65,3
DA:67,3
DA:70,3
DA:71,3
DA:72,0
DA:73,0
DA:75,3
DA:76,3
DA:83,3
DA:85,3
DA:86,0
DA:87,0
DA:88,0
DA:89,0
DA:90,0
DA:91,0
DA:96,0
DA:97,0
DA:100,0
DA:101,0
DA:104,0
DA:108,0
DA:111,0
DA:112,0
DA:114,0
DA:119,0
DA:122,0
DA:123,0
DA:124,0
DA:126,0
DA:128,0
DA:129,0
DA:130,0
DA:131,0
DA:135,0
DA:136,0
DA:137,0
DA:138,0
DA:139,0
DA:140,0
DA:143,0
DA:144,0
DA:145,0
DA:155,6
DA:157,3
DA:158,3
DA:159,3
DA:160,3
DA:163,1
DA:164,1
DA:167,2
DA:168,1
DA:172,1
DA:175,6
DA:176,1
DA:178,2
DA:179,1
DA:185,3
DA:188,3
DA:189,3
DA:191,6
DA:193,1
DA:194,2
DA:195,3
DA:199,3
DA:200,1
DA:201,2
DA:202,1
DA:205,3
DA:206,4
DA:211,6
DA:219,3
DA:220,1
DA:221,1
DA:223,1
DA:224,2
DA:226,1
DA:230,2
DA:232,1
DA:236,3
DA:238,1
DA:242,4
DA:244,1
DA:248,2
DA:251,1
DA:255,2
LF:108
LH:73
end_of_record
SF:lib\features\stage5_1_missing_weight\providers\sync_stage51_payments_provider.dart
DA:5,9
DA:6,0
DA:7,0
DA:8,0
DA:9,0
LF:5
LH:1
end_of_record
SF:lib\features\stage5_1_missing_weight\presentation\helper\money_format.dart
DA:3,2
DA:4,2
DA:9,2
LF:3
LH:3
end_of_record
SF:lib\features\splash\splash_screen.dart
DA:9,1
DA:11,1
DA:12,1
DA:16,1
DA:18,1
DA:20,1
DA:23,1
DA:24,2
DA:25,3
DA:26,5
DA:30,1
DA:32,1
DA:34,3
DA:35,0
DA:36,0
DA:40,1
DA:41,1
DA:42,1
DA:43,1
DA:45,1
DA:52,2
DA:58,1
LF:22
LH:20
end_of_record
SF:lib\features\auth\presentation\login_page.dart
DA:9,1
DA:11,1
DA:13,1
DA:15,1
DA:17,0
DA:18,1
DA:19,1
DA:20,1
DA:25,1
DA:26,1
DA:27,3
DA:30,1
DA:31,1
DA:33,1
DA:35,2
LF:15
LH:14
end_of_record
SF:lib\features\auth\presentation\widgets\login_form.dart
DA:18,1
DA:20,1
DA:21,1
DA:28,1
DA:31,4
DA:32,3
DA:33,2
DA:34,2
DA:36,0
DA:45,1
DA:46,3
DA:47,4
DA:48,4
DA:50,1
DA:51,1
DA:52,1
DA:54,1
DA:56,2
DA:58,1
DA:59,1
DA:63,2
DA:64,1
DA:65,1
DA:67,2
DA:73,2
DA:75,1
DA:76,1
DA:78,1
DA:79,2
DA:80,1
DA:81,1
DA:83,2
DA:84,1
DA:85,5
DA:86,1
DA:87,1
DA:97,1
DA:99,1
DA:100,1
DA:103,1
DA:104,1
DA:105,1
DA:106,1
DA:107,3
DA:109,1
DA:110,1
DA:111,1
DA:117,5
DA:119,1
DA:120,1
DA:122,1
LF:51
LH:50
end_of_record
SF:lib\features\auth\providers\login_form_provider.dart
DA:22,1
DA:26,1
DA:27,4
DA:28,1
DA:32,1
DA:33,4
DA:34,1
DA:38,1
DA:39,3
DA:40,4
DA:41,4
DA:45,0
DA:46,0
DA:48,0
DA:49,0
DA:50,0
DA:52,0
LF:17
LH:11
end_of_record
SF:lib\features\auth\providers\login_form_provider.g.dart
DA:9,1
DA:15,2
DA:16,1
LF:3
LH:3
end_of_record
SF:lib\features\stage1_delivery\presentation\widgets\stage1_load_form.dart
DA:21,2
DA:23,2
DA:24,2
DA:32,2
DA:34,2
DA:35,4
DA:36,12
DA:37,7
DA:40,1
DA:41,2
DA:42,4
DA:46,0
DA:47,0
DA:48,0
DA:52,2
DA:54,4
DA:56,2
DA:58,6
DA:60,4
DA:62,8
DA:64,2
DA:66,2
DA:67,2
DA:68,2
DA:69,2
DA:72,2
DA:73,1
DA:74,2
DA:75,3
DA:76,3
DA:77,3
DA:78,3
DA:79,3
DA:80,2
DA:81,1
DA:82,4
DA:83,4
DA:84,1
DA:85,4
DA:86,4
DA:87,1
DA:90,2
DA:92,2
DA:93,2
DA:94,2
DA:96,2
DA:99,2
DA:100,2
DA:102,2
DA:105,2
DA:107,2
DA:108,4
DA:109,2
DA:110,2
DA:112,2
DA:117,4
DA:118,4
DA:120,2
DA:121,2
DA:122,2
DA:123,2
DA:125,2
DA:126,4
DA:128,2
DA:129,2
DA:131,4
DA:132,2
DA:135,2
DA:138,2
DA:145,2
DA:146,2
DA:148,2
DA:149,2
DA:151,2
DA:154,2
DA:155,2
DA:156,0
DA:157,0
DA:160,0
DA:161,0
DA:165,0
DA:166,0
DA:167,0
DA:168,0
DA:169,0
DA:171,0
DA:172,0
DA:173,0
DA:175,0
DA:176,0
DA:178,0
DA:179,0
DA:180,0
DA:190,6
DA:191,1
DA:192,1
DA:193,1
DA:199,0
DA:206,2
DA:207,4
DA:208,2
DA:209,2
DA:210,2
DA:212,4
DA:213,2
DA:216,2
DA:217,2
DA:221,2
DA:222,2
DA:228,2
DA:229,2
DA:235,2
DA:236,4
DA:237,2
DA:238,2
DA:239,2
DA:241,4
DA:242,2
DA:245,2
DA:246,2
DA:247,2
DA:251,2
DA:252,2
DA:253,2
DA:256,2
DA:257,2
DA:258,0
DA:264,4
DA:268,2
DA:269,0
DA:270,0
DA:272,0
DA:273,0
DA:274,0
DA:275,0
DA:276,0
DA:277,0
DA:278,0
DA:288,2
DA:289,2
DA:290,2
DA:293,2
DA:294,2
DA:295,4
DA:297,0
DA:299,0
DA:303,0
DA:304,0
DA:305,0
DA:307,0
DA:308,0
DA:312,0
DA:313,0
DA:316,0
DA:317,0
DA:323,0
DA:324,0
DA:325,0
DA:327,0
DA:328,0
DA:330,0
DA:331,0
DA:333,0
DA:334,0
DA:336,0
DA:337,0
DA:338,0
DA:339,0
DA:340,0
DA:341,0
DA:343,0
DA:345,4
DA:347,4
DA:358,0
DA:359,0
DA:360,0
DA:361,0
DA:363,0
DA:365,0
DA:367,0
DA:368,0
DA:369,0
DA:370,0
DA:371,0
DA:372,0
DA:373,0
DA:375,0
DA:376,0
DA:377,0
DA:379,0
DA:381,0
DA:387,0
DA:388,0
DA:389,0
DA:391,0
DA:401,0
DA:402,0
DA:403,0
DA:404,0
DA:406,0
DA:407,0
DA:409,0
DA:411,0
DA:417,0
DA:418,0
DA:419,0
DA:421,0
DA:438,0
DA:439,0
DA:440,0
DA:441,0
DA:445,0
DA:447,0
DA:452,0
DA:453,0
DA:454,0
DA:455,0
DA:457,0
DA:459,0
LF:219
LH:115
end_of_record
SF:lib\features\stage1_delivery\presentation\widgets\two_form_row.dart
DA:12,2
DA:20,2
DA:22,2
DA:24,2
DA:25,2
DA:26,2
DA:27,2
DA:29,2
DA:30,6
DA:32,2
DA:33,6
DA:34,2
DA:35,4
DA:36,2
DA:39,2
DA:42,2
DA:50,2
DA:51,2
DA:52,2
DA:53,6
DA:55,2
DA:56,6
DA:57,2
DA:58,4
DA:59,2
DA:62,2
DA:65,2
LF:27
LH:27
end_of_record
SF:lib\features\stage1_delivery\providers\stage1_form_provider.dart
DA:12,2
DA:15,0
DA:16,0
DA:19,0
DA:20,0
DA:21,0
DA:22,0
DA:23,0
DA:24,0
DA:25,0
DA:27,0
DA:30,0
DA:31,0
DA:33,0
DA:34,0
DA:36,0
DA:37,0
DA:38,0
DA:39,0
DA:42,0
DA:44,0
DA:46,0
DA:57,2
DA:63,0
DA:68,0
DA:69,0
DA:70,0
DA:71,0
LF:28
LH:2
end_of_record
SF:lib\features\stage1_delivery\providers\stage1_form_provider.g.dart
DA:9,2
DA:13,4
DA:14,2
LF:3
LH:3
end_of_record
SF:lib\features\stage1_delivery\providers\stage1_projects_error_provider.dart
DA:4,0
DA:5,0
DA:6,0
DA:7,0
DA:8,0
LF:5
LH:0
end_of_record
SF:lib\features\stage1_delivery\providers\stage1_projects_loading_provider.dart
DA:4,0
DA:5,0
LF:2
LH:0
end_of_record
SF:lib\features\stage1_delivery\providers\sync_stage1_projects_provider.dart
DA:5,0
DA:6,0
DA:7,0
DA:8,0
DA:9,0
LF:5
LH:0
end_of_record
SF:lib\features\stage1_delivery\presentation\stage1_page.dart
DA:11,1
DA:13,1
DA:15,1
DA:17,2
DA:18,0
DA:19,0
DA:20,0
DA:25,0
DA:27,0
DA:28,0
DA:36,2
DA:39,4
DA:40,1
DA:41,0
DA:42,1
DA:43,1
DA:44,1
DA:45,2
DA:46,1
DA:48,1
DA:50,0
DA:53,1
DA:54,1
DA:55,1
DA:62,1
LF:25
LH:17
end_of_record
SF:lib\features\stage2_load\presentation\widgets\stage2_load_form.dart
DA:17,1
DA:24,1
DA:25,1
DA:31,1
DA:33,2
DA:35,0
DA:36,0
DA:37,0
DA:38,0
DA:40,1
DA:42,3
DA:44,4
DA:46,1
DA:48,1
DA:50,1
DA:51,1
DA:56,1
DA:57,1
DA:60,1
DA:62,1
DA:63,1
DA:65,1
DA:68,1
DA:69,1
DA:71,3
DA:72,1
DA:73,2
DA:74,3
DA:75,1
DA:76,1
DA:77,2
DA:78,1
DA:82,1
DA:83,1
DA:89,1
DA:90,1
DA:91,1
DA:92,1
DA:93,1
DA:94,1
DA:96,1
DA:97,1
DA:99,1
DA:101,1
DA:102,1
DA:105,2
DA:106,1
DA:109,1
DA:112,1
DA:119,1
DA:120,1
DA:122,1
DA:123,2
DA:124,1
DA:125,1
DA:128,2
DA:129,1
DA:132,1
DA:136,1
DA:147,1
DA:150,1
DA:151,1
DA:152,2
DA:154,0
DA:155,0
DA:159,0
DA:160,0
DA:161,0
DA:162,0
DA:163,0
DA:164,0
DA:165,0
DA:167,0
DA:168,0
DA:169,0
DA:170,0
DA:174,0
DA:176,2
DA:178,2
LF:79
LH:61
end_of_record
SF:lib\features\stage2_load\presentation\stage2_page.dart
DA:16,1
DA:18,1
DA:20,2
DA:21,0
DA:22,0
DA:23,0
DA:24,0
DA:30,0
DA:31,0
DA:38,4
DA:40,2
DA:44,2
DA:45,5
DA:46,1
DA:47,1
DA:55,1
DA:57,1
DA:58,1
DA:59,4
DA:61,1
DA:63,1
DA:66,0
DA:67,0
DA:69,0
DA:72,0
DA:74,0
DA:76,0
DA:77,0
DA:78,0
DA:85,1
DA:90,1
DA:91,1
DA:92,1
DA:93,1
DA:94,1
DA:95,1
DA:97,2
DA:99,1
DA:101,1
DA:103,1
DA:104,1
DA:105,0
DA:106,1
DA:108,1
DA:111,1
DA:112,1
DA:113,0
DA:114,0
DA:115,0
DA:119,0
DA:120,0
DA:121,0
DA:129,1
DA:131,1
DA:138,1
DA:139,3
DA:140,1
DA:142,1
DA:143,1
DA:146,3
DA:150,1
DA:154,3
DA:158,1
DA:159,1
DA:160,4
DA:166,4
DA:170,1
DA:174,3
DA:182,1
DA:183,1
DA:185,1
DA:188,1
DA:189,1
DA:190,2
DA:196,0
DA:197,0
DA:201,0
DA:202,0
DA:203,0
LF:79
LH:53
end_of_record
SF:lib\features\stage3_weigh\presentation\stage3_form_page.dart
DA:17,1
DA:23,1
DA:25,4
DA:34,2
DA:35,5
DA:38,2
DA:39,1
DA:40,7
DA:45,2
DA:46,0
DA:47,0
DA:48,0
DA:49,0
DA:55,0
DA:56,0
DA:64,1
DA:66,1
DA:67,0
DA:68,1
DA:69,1
DA:70,1
DA:72,1
DA:74,1
DA:76,1
DA:78,1
LF:25
LH:18
end_of_record
SF:lib\features\stage3_weigh\presentation\widget\stage3_load_form.dart
DA:26,1
DA:34,1
DA:35,1
DA:45,0
DA:47,0
DA:48,0
DA:50,0
DA:52,0
DA:56,1
DA:57,4
DA:60,1
DA:61,1
DA:65,5
DA:66,5
DA:67,4
DA:70,5
DA:73,1
DA:75,1
DA:76,1
DA:79,1
DA:81,1
DA:82,3
DA:83,4
DA:85,1
DA:86,2
DA:87,3
DA:88,0
DA:89,0
DA:92,1
DA:93,1
DA:94,1
DA:95,1
DA:96,1
DA:98,1
DA:99,2
DA:100,1
DA:101,1
DA:102,1
DA:104,1
DA:106,1
DA:107,1
DA:108,1
DA:109,2
DA:110,1
DA:114,2
DA:116,1
DA:117,2
DA:118,1
DA:120,1
DA:121,1
DA:122,1
DA:124,1
DA:126,0
DA:127,0
DA:131,0
DA:135,2
DA:137,1
DA:138,2
DA:139,1
DA:140,2
DA:141,1
DA:142,3
DA:143,1
DA:144,1
DA:145,2
DA:146,1
DA:149,1
DA:152,1
DA:153,1
DA:156,1
DA:157,2
DA:158,0
DA:164,1
DA:166,1
DA:172,4
DA:174,0
DA:175,0
DA:176,0
DA:177,0
DA:192,1
DA:193,1
DA:199,1
DA:202,1
DA:203,1
DA:204,2
DA:206,0
DA:207,0
DA:211,0
DA:212,0
DA:213,0
DA:214,0
DA:217,0
DA:219,0
DA:221,0
DA:222,0
DA:225,0
DA:226,0
DA:227,0
DA:228,0
DA:229,0
DA:234,0
DA:237,0
DA:238,0
DA:239,0
DA:240,0
DA:242,0
DA:244,0
DA:245,0
DA:247,0
DA:253,0
DA:254,0
DA:255,0
DA:256,0
DA:257,0
DA:258,0
DA:261,0
DA:263,2
DA:265,1
DA:266,2
DA:267,1
DA:277,0
DA:278,0
DA:279,0
DA:280,0
DA:282,0
DA:284,0
DA:286,0
DA:287,0
DA:288,0
DA:289,0
DA:290,0
DA:292,0
DA:293,0
DA:294,0
DA:296,0
DA:298,0
DA:304,0
DA:305,0
DA:306,0
DA:308,0
DA:318,0
DA:319,0
DA:320,0
DA:321,0
DA:323,0
DA:324,0
DA:326,0
DA:328,0
DA:334,0
DA:335,0
DA:336,0
DA:338,0
DA:353,0
DA:354,0
DA:355,0
DA:356,0
DA:360,0
DA:362,0
DA:367,0
DA:368,0
DA:369,0
DA:370,0
DA:372,0
DA:374,0
LF:164
LH:74
end_of_record
SF:lib\features\stage3_weigh\providers\stage3_form_provider.dart
DA:14,2
DA:19,0
DA:23,0
DA:24,0
DA:25,0
DA:26,0
DA:32,1
DA:35,0
DA:36,0
DA:38,0
DA:40,0
DA:41,0
DA:43,0
DA:44,0
DA:46,0
DA:47,0
DA:52,0
DA:54,0
DA:59,0
DA:65,0
DA:68,0
DA:69,0
DA:71,0
DA:74,0
DA:76,0
DA:77,0
DA:78,0
DA:86,0
DA:87,0
DA:91,0
DA:92,0
DA:94,0
DA:95,0
DA:96,0
DA:97,0
DA:103,0
DA:104,0
DA:105,0
DA:106,0
DA:107,0
DA:108,0
DA:110,0
DA:111,0
DA:115,0
LF:44
LH:2
end_of_record
SF:lib\features\stage3_weigh\providers\stage3_form_provider.g.dart
DA:9,1
DA:13,2
DA:14,1
LF:3
LH:3
end_of_record
SF:lib\features\stage3_weigh\presentation\stage3_page_summary.dart
DA:19,1
DA:25,1
DA:27,4
DA:28,4
DA:30,2
DA:31,1
DA:32,7
DA:38,1
DA:40,1
DA:42,1
DA:43,1
DA:44,2
DA:45,1
DA:47,1
DA:52,1
DA:54,1
DA:55,1
DA:56,1
DA:57,1
DA:58,1
DA:59,1
DA:60,1
DA:61,1
DA:63,1
DA:67,1
DA:70,3
DA:73,1
DA:78,3
DA:84,1
DA:85,1
DA:87,1
DA:88,1
DA:89,1
DA:90,1
DA:92,1
DA:96,1
DA:100,2
DA:104,1
DA:109,3
DA:116,1
DA:117,1
DA:119,1
DA:120,1
DA:121,1
DA:122,1
DA:124,1
DA:128,1
DA:133,2
DA:137,1
DA:142,3
DA:151,1
DA:152,1
DA:154,1
DA:163,3
DA:164,1
DA:165,1
DA:167,1
DA:169,1
DA:170,1
DA:171,1
DA:172,3
DA:173,1
DA:177,1
DA:181,3
DA:185,1
DA:190,7
DA:194,1
DA:198,3
DA:202,2
DA:203,0
DA:204,0
DA:206,0
DA:208,0
DA:209,0
DA:210,0
LF:75
LH:69
end_of_record
SF:lib\features\stage3_weigh\providers\stage3_load_by_id_provider.dart
DA:6,0
DA:10,0
DA:12,0
DA:13,0
DA:14,0
LF:5
LH:0
end_of_record
SF:lib\features\stage3_weigh\presentation\stage3_page.dart
DA:20,1
DA:22,1
DA:24,4
DA:27,2
DA:28,5
DA:29,1
DA:30,1
DA:38,1
DA:40,1
DA:41,1
DA:42,4
DA:43,1
DA:45,1
DA:46,1
DA:47,1
DA:49,1
DA:52,1
DA:57,1
DA:58,0
DA:61,1
DA:62,1
DA:63,3
DA:65,1
DA:66,2
DA:71,2
DA:72,5
DA:74,1
DA:75,3
DA:76,1
DA:78,1
DA:80,1
DA:81,1
DA:82,1
DA:84,1
DA:86,1
DA:92,1
DA:95,3
DA:99,1
DA:103,3
DA:106,1
DA:111,4
DA:114,1
DA:119,3
DA:122,1
DA:123,1
DA:125,1
DA:127,1
DA:133,1
DA:137,2
DA:141,1
DA:146,3
DA:150,1
DA:151,1
DA:153,1
DA:155,1
DA:161,1
DA:165,2
DA:169,1
DA:174,3
DA:186,1
DA:192,1
DA:193,1
DA:195,2
DA:197,1
DA:198,2
DA:200,1
DA:202,1
DA:203,0
DA:204,0
DA:205,0
DA:207,1
DA:208,1
DA:209,1
DA:211,1
DA:213,1
DA:214,1
DA:215,1
DA:216,1
DA:217,1
DA:219,1
DA:229,1
DA:230,0
DA:231,0
DA:232,0
DA:234,1
DA:235,1
DA:236,1
DA:238,1
DA:240,1
DA:241,1
DA:242,1
DA:243,1
DA:244,1
DA:246,1
LF:94
LH:87
end_of_record
SF:lib\features\stage5_2_records\presentation\stage52_page_summary.dart
DA:12,1
DA:18,1
DA:21,2
DA:22,5
DA:24,1
DA:26,1
DA:27,1
DA:29,2
DA:31,1
DA:38,1
DA:40,1
DA:41,2
DA:42,1
DA:43,1
DA:46,1
DA:47,1
DA:50,3
DA:52,1
DA:53,1
DA:57,2
DA:59,1
DA:60,1
DA:64,3
DA:66,1
DA:67,1
DA:70,2
DA:72,1
DA:73,1
DA:77,3
LF:29
LH:29
end_of_record
SF:lib\features\stage4_recollection\presentation\stage4_page.dart
DA:16,1
DA:18,1
DA:19,1
DA:27,1
DA:29,3
DA:30,0
DA:31,0
DA:32,0
DA:33,0
DA:38,0
DA:39,0
DA:47,1
DA:48,6
DA:49,5
DA:50,4
DA:53,0
DA:54,0
DA:56,0
DA:57,0
DA:58,0
DA:60,0
DA:68,1
DA:69,0
DA:70,1
DA:71,1
DA:72,1
DA:74,1
DA:75,1
DA:76,1
DA:80,1
DA:81,1
DA:82,1
DA:83,1
DA:84,1
DA:87,1
DA:88,1
DA:89,3
DA:92,0
DA:93,0
DA:97,0
DA:99,0
DA:100,0
DA:101,0
DA:102,0
DA:104,0
DA:107,0
DA:111,0
DA:112,0
DA:113,0
DA:114,0
DA:116,0
DA:117,0
DA:118,0
DA:120,0
DA:123,0
DA:124,0
DA:129,0
DA:133,0
DA:135,0
DA:141,1
DA:142,1
DA:143,3
DA:145,1
DA:146,1
DA:151,1
DA:154,1
DA:155,1
DA:156,1
DA:158,1
DA:159,1
DA:160,1
DA:166,2
DA:170,4
DA:171,2
DA:172,3
DA:173,1
DA:174,1
DA:175,1
DA:177,2
DA:180,1
DA:182,2
DA:184,1
DA:186,1
DA:189,1
DA:191,1
DA:192,1
DA:193,1
DA:194,2
DA:196,1
DA:205,1
DA:209,1
DA:210,1
DA:213,1
DA:217,1
DA:218,1
DA:221,1
DA:225,1
DA:226,1
DA:239,0
DA:240,0
DA:242,0
DA:243,0
DA:244,0
DA:247,0
DA:248,0
DA:249,0
DA:252,1
DA:260,2
DA:261,1
DA:263,1
DA:264,1
DA:265,1
DA:266,1
DA:268,2
DA:272,2
DA:273,1
DA:275,1
DA:278,1
DA:280,1
DA:281,1
DA:282,2
LF:121
LH:78
end_of_record
SF:lib\features\stage4_recollection\providers\sync_stage4_data_provider.dart
DA:5,9
DA:6,0
DA:7,0
DA:8,0
DA:9,0
LF:5
LH:1
end_of_record
SF:lib\features\stage4_recollection\providers\stage4_form_provider.dart
DA:14,2
DA:19,0
DA:23,0
DA:24,0
DA:25,0
DA:26,0
DA:32,1
DA:35,0
DA:36,0
DA:37,0
DA:40,0
DA:41,0
DA:42,0
DA:44,0
DA:45,0
DA:46,0
DA:48,0
DA:50,0
DA:52,0
LF:19
LH:2
end_of_record
SF:lib\features\stage4_recollection\providers\stage4_form_provider.g.dart
DA:9,1
DA:13,2
DA:14,1
LF:3
LH:3
end_of_record
SF:lib\features\stage4_recollection\providers\stage4_ui_provider.g.dart
DA:9,3
DA:13,0
DA:15,3
DA:17,6
DA:19,12
DA:20,6
DA:23,3
DA:25,12
DA:27,6
DA:28,12
DA:45,2
DA:48,3
DA:49,3
DA:52,0
DA:54,0
DA:59,0
DA:64,0
DA:68,0
DA:76,3
DA:77,3
DA:78,9
DA:89,3
DA:97,3
DA:101,3
DA:103,6
DA:106,0
DA:108,0
DA:110,0
DA:111,0
DA:112,0
DA:117,0
DA:122,3
DA:124,3
DA:127,3
DA:129,12
DA:132,3
DA:134,9
DA:135,9
DA:137,3
DA:151,3
DA:153,0
DA:154,0
LF:42
LH:28
end_of_record
SF:lib\features\stage4_recollection\providers\stage4_ui_provider.dart
DA:11,3
DA:13,3
DA:14,6
DA:15,12
DA:16,3
DA:18,12
DA:20,3
DA:21,6
DA:22,6
DA:24,9
DA:28,6
DA:29,12
DA:30,6
DA:31,9
DA:32,15
DA:33,0
DA:34,0
DA:37,12
DA:38,3
DA:44,6
DA:45,12
DA:46,0
DA:48,6
DA:51,3
DA:53,3
DA:54,6
DA:56,3
DA:58,9
DA:61,3
DA:69,0
DA:70,0
DA:71,0
DA:72,0
DA:75,0
DA:76,0
DA:78,0
DA:79,0
DA:81,0
DA:82,0
LF:39
LH:26
end_of_record
SF:lib\features\stage5_2_records\presentation\stage52_page.dart
DA:13,2
DA:15,1
DA:18,2
DA:19,5
DA:20,1
DA:22,1
DA:24,1
DA:25,1
DA:27,1
DA:28,1
DA:29,1
DA:30,1
DA:31,1
DA:32,2
DA:34,2
DA:36,1
DA:37,1
DA:39,1
DA:42,1
DA:43,1
DA:44,0
DA:45,0
DA:46,0
DA:47,0
DA:50,1
DA:51,1
DA:53,1
DA:55,1
DA:56,1
DA:61,1
DA:62,1
DA:63,1
DA:65,1
DA:75,1
DA:76,0
DA:77,0
DA:78,0
DA:79,0
DA:82,1
DA:83,1
DA:85,1
DA:87,1
DA:88,1
DA:93,1
DA:94,1
DA:95,1
DA:97,1
DA:110,1
DA:112,1
DA:113,1
DA:114,1
DA:115,1
DA:117,1
DA:118,1
DA:122,2
DA:125,1
DA:129,3
DA:132,1
DA:137,3
DA:140,1
DA:144,3
DA:149,2
DA:150,0
DA:151,0
DA:163,1
DA:164,1
DA:166,1
DA:169,1
DA:170,1
DA:171,0
DA:172,0
DA:174,1
DA:176,2
LF:73
LH:61
end_of_record
SF:lib\features\stage5_1_missing_weight\presentation\stage5_missing_weight.dart
DA:20,2
DA:22,2
DA:24,2
DA:32,2
DA:34,4
DA:35,2
DA:38,2
DA:40,10
DA:42,12
DA:44,10
DA:46,2
DA:48,6
DA:51,6
DA:53,6
DA:55,2
DA:58,12
DA:59,2
DA:61,4
DA:62,4
DA:63,6
DA:64,2
DA:65,2
DA:66,4
DA:71,2
DA:73,6
DA:75,7
DA:76,2
DA:78,2
DA:79,0
DA:80,2
DA:81,2
DA:86,2
DA:87,2
DA:88,2
DA:89,2
DA:91,2
DA:92,2
DA:93,2
DA:96,2
DA:99,2
DA:103,4
DA:105,2
DA:110,6
DA:116,2
DA:117,2
DA:119,2
DA:120,2
DA:121,2
DA:123,2
DA:126,2
DA:131,4
DA:133,2
DA:138,6
DA:145,4
DA:146,0
DA:147,0
DA:148,0
DA:150,2
DA:151,2
DA:153,2
DA:155,2
DA:156,2
DA:157,2
DA:159,2
DA:163,4
DA:164,2
DA:169,6
DA:172,2
DA:173,2
DA:176,2
DA:180,2
DA:181,2
DA:183,2
DA:187,2
DA:188,2
DA:190,2
DA:194,4
DA:195,2
DA:198,6
DA:206,2
DA:207,1
DA:209,1
DA:210,1
DA:215,1
DA:216,1
DA:217,1
DA:219,1
DA:221,1
DA:224,1
DA:225,1
DA:226,0
DA:227,0
DA:229,1
DA:230,1
DA:237,1
DA:238,1
DA:242,1
DA:243,1
DA:244,1
DA:245,2
DA:246,1
DA:247,1
DA:248,1
DA:249,4
DA:250,1
DA:253,1
DA:254,3
DA:255,1
DA:257,1
DA:258,0
DA:259,0
DA:262,0
DA:263,0
DA:264,0
DA:266,0
DA:267,0
DA:268,0
DA:269,0
DA:271,0
DA:287,2
DA:288,4
DA:289,2
DA:290,2
LF:123
LH:107
end_of_record
SF:lib\features\stage5_1_missing_weight\domain\entities\missing_gavera.dart
DA:4,2
LF:1
LH:1
end_of_record
SF:lib\features\stage5_summary\presentation\stage5_summary.dart
DA:11,2
DA:13,2
DA:15,6
DA:16,6
DA:17,2
DA:19,2
DA:20,1
DA:21,1
DA:23,1
DA:26,2
DA:27,2
DA:28,2
DA:29,2
DA:31,2
DA:33,2
DA:34,2
DA:35,2
DA:36,2
DA:37,2
DA:39,2
DA:43,4
DA:44,2
DA:45,2
DA:46,12
DA:47,2
DA:55,2
DA:56,2
DA:58,2
DA:62,4
DA:63,2
DA:66,4
DA:68,2
DA:72,2
DA:74,2
DA:75,2
DA:79,2
DA:81,2
DA:85,2
DA:86,2
DA:87,6
DA:88,2
DA:93,2
DA:94,2
DA:95,2
DA:98,2
DA:99,2
DA:101,2
DA:103,2
DA:104,4
DA:105,2
DA:109,2
DA:112,2
DA:113,2
DA:115,2
DA:117,2
DA:118,6
DA:119,2
DA:123,2
DA:126,2
DA:127,2
DA:129,2
DA:131,2
DA:132,4
DA:133,2
DA:141,2
LF:65
LH:65
end_of_record
SF:lib\features\stage5\presentation\stage5_page.dart
DA:12,1
DA:14,1
DA:15,1
DA:21,1
DA:23,6
DA:25,1
DA:26,3
DA:27,3
DA:28,3
DA:31,1
DA:33,1
DA:34,1
DA:35,3
DA:36,1
DA:38,2
DA:39,1
DA:40,1
DA:41,4
DA:42,1
DA:43,1
DA:44,1
DA:45,2
DA:48,1
DA:49,1
DA:50,2
DA:53,1
DA:54,1
DA:55,2
LF:28
LH:28
end_of_record
SF:lib\features\stage5_summary\providers\stage5_global_summary_provider.g.dart
DA:9,2
DA:14,0
DA:16,2
DA:18,4
DA:20,8
DA:21,4
DA:24,2
DA:26,8
DA:28,4
DA:29,8
DA:40,2
DA:43,2
DA:44,2
DA:47,0
DA:51,0
DA:56,0
DA:61,0
DA:65,0
DA:73,2
DA:74,2
DA:75,4
DA:87,2
DA:95,2
DA:99,0
DA:103,0
DA:105,0
DA:106,0
DA:107,0
DA:112,0
DA:117,2
DA:119,2
DA:122,2
DA:124,8
DA:127,2
DA:129,6
DA:130,6
DA:132,2
DA:147,2
DA:149,0
DA:150,0
LF:40
LH:26
end_of_record
SF:lib\features\stage5_summary\providers\stage5_global_summary_provider.dart
DA:8,2
DA:10,4
DA:11,2
DA:13,4
DA:14,4
DA:15,6
DA:16,8
DA:20,6
DA:21,4
DA:22,2
DA:23,4
DA:24,4
DA:25,2
DA:27,4
LF:14
LH:14
end_of_record
